{"uuid":"2de8bd16-254d-4bda-950e-54be0c4a334d","historyId":"4a40af261e1d765eb41b7c97a637b7","labels":[{"name":"feature","value":"Reservation feature"},{"name":"story","value":"Succesfull reservation"},{"name":"tag","value":"TEST"},{"name":"host","value":"Madaras-MacBook-Pro.local"},{"name":"package","value":"Reservation feature"},{"name":"suite","value":"Reservation feature"},{"name":"testClass","value":"Succesfull reservation"},{"name":"thread","value":"47916@Madaras-MacBook-Pro.local.main(1)"}],"links":[],"name":"Succesfull reservation","status":"failed","statusDetails":{"known":false,"muted":false,"flaky":false,"message":"Cannot find firefox binary in PATH. Make sure firefox is installed. OS appears to be: MAC\nBuild info: version: '3.12.0', revision: '7c6e0b3', time: '2018-05-08T14:04:26.12Z'\nSystem info: host: 'Madaras-MacBook-Pro.local', ip: 'fe80:0:0:0:ced:8291:ca97:a6f7%en0', os.name: 'Mac OS X', os.arch: 'x86_64', os.version: '10.13.6', java.version: '1.8.0_151'\nDriver info: driver.version: FirefoxDriver\nselenide.url: https://www.phptravels.net/\nselenide.baseUrl: http://localhost:8080","trace":"org.openqa.selenium.WebDriverException: Cannot find firefox binary in PATH. Make sure firefox is installed. OS appears to be: MAC\nBuild info: version: '3.12.0', revision: '7c6e0b3', time: '2018-05-08T14:04:26.12Z'\nSystem info: host: 'Madaras-MacBook-Pro.local', ip: 'fe80:0:0:0:ced:8291:ca97:a6f7%en0', os.name: 'Mac OS X', os.arch: 'x86_64', os.version: '10.13.6', java.version: '1.8.0_151'\nDriver info: driver.version: FirefoxDriver\nselenide.url: https://www.phptravels.net/\nselenide.baseUrl: http://localhost:8080\n\tat org.openqa.selenium.firefox.FirefoxBinary.<init>(FirefoxBinary.java:116)\n\tat java.util.Optional.orElseGet(Optional.java:267)\n\tat org.openqa.selenium.firefox.FirefoxOptions.getBinary(FirefoxOptions.java:217)\n\tat org.openqa.selenium.firefox.FirefoxDriver.toExecutor(FirefoxDriver.java:165)\n\tat org.openqa.selenium.firefox.FirefoxDriver.<init>(FirefoxDriver.java:125)\n\tat com.codeborne.selenide.webdriver.FirefoxDriverFactory.createFirefoxDriver(FirefoxDriverFactory.java:33)\n\tat com.codeborne.selenide.webdriver.FirefoxDriverFactory.create(FirefoxDriverFactory.java:28)\n\tat com.codeborne.selenide.webdriver.WebDriverFactory.lambda$createWebDriver$0(WebDriverFactory.java:61)\n\tat java.util.Optional.map(Optional.java:215)\n\tat com.codeborne.selenide.webdriver.WebDriverFactory.createWebDriver(WebDriverFactory.java:61)\n\tat com.codeborne.selenide.impl.WebDriverThreadLocalContainer.createDriver(WebDriverThreadLocalContainer.java:226)\n\tat com.codeborne.selenide.impl.WebDriverThreadLocalContainer.getAndCheckWebDriver(WebDriverThreadLocalContainer.java:117)\n\tat com.codeborne.selenide.WebDriverRunner.getAndCheckWebDriver(WebDriverRunner.java:137)\n\tat com.codeborne.selenide.impl.Navigator.navigateToAbsoluteUrl(Navigator.java:68)\n\tat com.codeborne.selenide.impl.Navigator.open(Navigator.java:32)\n\tat com.codeborne.selenide.Selenide.open(Selenide.java:94)\n\tat com.codeborne.selenide.Selenide.open(Selenide.java:68)\n\tat step_definitions.Hooks.openHomePage(Hooks.java:19)\n\tat sun.reflect.NativeMethodAccessorImpl.invoke0(Native Method)\n\tat sun.reflect.NativeMethodAccessorImpl.invoke(NativeMethodAccessorImpl.java:62)\n\tat sun.reflect.DelegatingMethodAccessorImpl.invoke(DelegatingMethodAccessorImpl.java:43)\n\tat java.lang.reflect.Method.invoke(Method.java:498)\n\tat cucumber.runtime.Utils$1.call(Utils.java:26)\n\tat cucumber.runtime.Timeout.timeout(Timeout.java:16)\n\tat cucumber.runtime.Utils.invoke(Utils.java:20)\n\tat cucumber.runtime.java.JavaHookDefinition.execute(JavaHookDefinition.java:60)\n\tat cucumber.runtime.HookDefinitionMatch.runStep(HookDefinitionMatch.java:14)\n\tat cucumber.runner.TestStep.executeStep(TestStep.java:55)\n\tat cucumber.runner.TestStep.run(TestStep.java:42)\n\tat cucumber.runner.TestCase.run(TestCase.java:41)\n\tat cucumber.runner.Runner.runPickle(Runner.java:44)\n\tat cucumber.runtime.junit.PickleRunners$NoStepDescriptions.run(PickleRunners.java:140)\n\tat cucumber.runtime.junit.FeatureRunner.runChild(FeatureRunner.java:68)\n\tat cucumber.runtime.junit.FeatureRunner.runChild(FeatureRunner.java:23)\n\tat org.junit.runners.ParentRunner$3.run(ParentRunner.java:290)\n\tat org.junit.runners.ParentRunner$1.schedule(ParentRunner.java:71)\n\tat org.junit.runners.ParentRunner.runChildren(ParentRunner.java:288)\n\tat org.junit.runners.ParentRunner.access$000(ParentRunner.java:58)\n\tat org.junit.runners.ParentRunner$2.evaluate(ParentRunner.java:268)\n\tat org.junit.runners.ParentRunner.run(ParentRunner.java:363)\n\tat cucumber.runtime.junit.FeatureRunner.run(FeatureRunner.java:73)\n\tat cucumber.api.junit.Cucumber.runChild(Cucumber.java:98)\n\tat cucumber.api.junit.Cucumber.runChild(Cucumber.java:55)\n\tat org.junit.runners.ParentRunner$3.run(ParentRunner.java:290)\n\tat org.junit.runners.ParentRunner$1.schedule(ParentRunner.java:71)\n\tat org.junit.runners.ParentRunner.runChildren(ParentRunner.java:288)\n\tat org.junit.runners.ParentRunner.access$000(ParentRunner.java:58)\n\tat org.junit.runners.ParentRunner$2.evaluate(ParentRunner.java:268)\n\tat cucumber.api.junit.Cucumber$1.evaluate(Cucumber.java:107)\n\tat org.junit.runners.ParentRunner.run(ParentRunner.java:363)\n\tat org.junit.runner.JUnitCore.run(JUnitCore.java:137)\n\tat com.intellij.junit4.JUnit4IdeaTestRunner.startRunnerWithArgs(JUnit4IdeaTestRunner.java:68)\n\tat com.intellij.rt.execution.junit.IdeaTestRunner$Repeater.startRunnerWithArgs(IdeaTestRunner.java:47)\n\tat com.intellij.rt.execution.junit.JUnitStarter.prepareStreamsAndStart(JUnitStarter.java:242)\n\tat com.intellij.rt.execution.junit.JUnitStarter.main(JUnitStarter.java:70)\n"},"stage":"finished","description":"  Test the functionality of reservation","start":1537735003259,"stop":1537735005459,"steps":[{"name":"before","status":"failed","statusDetails":{"known":false,"muted":false,"flaky":false,"message":"Before is failed: Cannot find firefox binary in PATH. Make sure firefox is installed. OS appears to be: MAC\nBuild info: version: '3.12.0', revision: '7c6e0b3', time: '2018-05-08T14:04:26.12Z'\nSystem info: host: 'Madaras-MacBook-Pro.local', ip: 'fe80:0:0:0:ced:8291:ca97:a6f7%en0', os.name: 'Mac OS X', os.arch: 'x86_64', os.version: '10.13.6', java.version: '1.8.0_151'\nDriver info: driver.version: FirefoxDriver\nselenide.url: https://www.phptravels.net/\nselenide.baseUrl: http://localhost:8080","trace":"org.openqa.selenium.WebDriverException: Cannot find firefox binary in PATH. Make sure firefox is installed. OS appears to be: MAC\nBuild info: version: '3.12.0', revision: '7c6e0b3', time: '2018-05-08T14:04:26.12Z'\nSystem info: host: 'Madaras-MacBook-Pro.local', ip: 'fe80:0:0:0:ced:8291:ca97:a6f7%en0', os.name: 'Mac OS X', os.arch: 'x86_64', os.version: '10.13.6', java.version: '1.8.0_151'\nDriver info: driver.version: FirefoxDriver\nselenide.url: https://www.phptravels.net/\nselenide.baseUrl: http://localhost:8080\n\tat org.openqa.selenium.firefox.FirefoxBinary.<init>(FirefoxBinary.java:116)\n\tat java.util.Optional.orElseGet(Optional.java:267)\n\tat org.openqa.selenium.firefox.FirefoxOptions.getBinary(FirefoxOptions.java:217)\n\tat org.openqa.selenium.firefox.FirefoxDriver.toExecutor(FirefoxDriver.java:165)\n\tat org.openqa.selenium.firefox.FirefoxDriver.<init>(FirefoxDriver.java:125)\n\tat com.codeborne.selenide.webdriver.FirefoxDriverFactory.createFirefoxDriver(FirefoxDriverFactory.java:33)\n\tat com.codeborne.selenide.webdriver.FirefoxDriverFactory.create(FirefoxDriverFactory.java:28)\n\tat com.codeborne.selenide.webdriver.WebDriverFactory.lambda$createWebDriver$0(WebDriverFactory.java:61)\n\tat java.util.Optional.map(Optional.java:215)\n\tat com.codeborne.selenide.webdriver.WebDriverFactory.createWebDriver(WebDriverFactory.java:61)\n\tat com.codeborne.selenide.impl.WebDriverThreadLocalContainer.createDriver(WebDriverThreadLocalContainer.java:226)\n\tat com.codeborne.selenide.impl.WebDriverThreadLocalContainer.getAndCheckWebDriver(WebDriverThreadLocalContainer.java:117)\n\tat com.codeborne.selenide.WebDriverRunner.getAndCheckWebDriver(WebDriverRunner.java:137)\n\tat com.codeborne.selenide.impl.Navigator.navigateToAbsoluteUrl(Navigator.java:68)\n\tat com.codeborne.selenide.impl.Navigator.open(Navigator.java:32)\n\tat com.codeborne.selenide.Selenide.open(Selenide.java:94)\n\tat com.codeborne.selenide.Selenide.open(Selenide.java:68)\n\tat step_definitions.Hooks.openHomePage(Hooks.java:19)\n\tat sun.reflect.NativeMethodAccessorImpl.invoke0(Native Method)\n\tat sun.reflect.NativeMethodAccessorImpl.invoke(NativeMethodAccessorImpl.java:62)\n\tat sun.reflect.DelegatingMethodAccessorImpl.invoke(DelegatingMethodAccessorImpl.java:43)\n\tat java.lang.reflect.Method.invoke(Method.java:498)\n\tat cucumber.runtime.Utils$1.call(Utils.java:26)\n\tat cucumber.runtime.Timeout.timeout(Timeout.java:16)\n\tat cucumber.runtime.Utils.invoke(Utils.java:20)\n\tat cucumber.runtime.java.JavaHookDefinition.execute(JavaHookDefinition.java:60)\n\tat cucumber.runtime.HookDefinitionMatch.runStep(HookDefinitionMatch.java:14)\n\tat cucumber.runner.TestStep.executeStep(TestStep.java:55)\n\tat cucumber.runner.TestStep.run(TestStep.java:42)\n\tat cucumber.runner.TestCase.run(TestCase.java:41)\n\tat cucumber.runner.Runner.runPickle(Runner.java:44)\n\tat cucumber.runtime.junit.PickleRunners$NoStepDescriptions.run(PickleRunners.java:140)\n\tat cucumber.runtime.junit.FeatureRunner.runChild(FeatureRunner.java:68)\n\tat cucumber.runtime.junit.FeatureRunner.runChild(FeatureRunner.java:23)\n\tat org.junit.runners.ParentRunner$3.run(ParentRunner.java:290)\n\tat org.junit.runners.ParentRunner$1.schedule(ParentRunner.java:71)\n\tat org.junit.runners.ParentRunner.runChildren(ParentRunner.java:288)\n\tat org.junit.runners.ParentRunner.access$000(ParentRunner.java:58)\n\tat org.junit.runners.ParentRunner$2.evaluate(ParentRunner.java:268)\n\tat org.junit.runners.ParentRunner.run(ParentRunner.java:363)\n\tat cucumber.runtime.junit.FeatureRunner.run(FeatureRunner.java:73)\n\tat cucumber.api.junit.Cucumber.runChild(Cucumber.java:98)\n\tat cucumber.api.junit.Cucumber.runChild(Cucumber.java:55)\n\tat org.junit.runners.ParentRunner$3.run(ParentRunner.java:290)\n\tat org.junit.runners.ParentRunner$1.schedule(ParentRunner.java:71)\n\tat org.junit.runners.ParentRunner.runChildren(ParentRunner.java:288)\n\tat org.junit.runners.ParentRunner.access$000(ParentRunner.java:58)\n\tat org.junit.runners.ParentRunner$2.evaluate(ParentRunner.java:268)\n\tat cucumber.api.junit.Cucumber$1.evaluate(Cucumber.java:107)\n\tat org.junit.runners.ParentRunner.run(ParentRunner.java:363)\n\tat org.junit.runner.JUnitCore.run(JUnitCore.java:137)\n\tat com.intellij.junit4.JUnit4IdeaTestRunner.startRunnerWithArgs(JUnit4IdeaTestRunner.java:68)\n\tat com.intellij.rt.execution.junit.IdeaTestRunner$Repeater.startRunnerWithArgs(IdeaTestRunner.java:47)\n\tat com.intellij.rt.execution.junit.JUnitStarter.prepareStreamsAndStart(JUnitStarter.java:242)\n\tat com.intellij.rt.execution.junit.JUnitStarter.main(JUnitStarter.java:70)\n"},"stage":"finished","start":1537735003263,"stop":1537735005448},{"name":"before","status":"passed","stage":"finished","start":1537735005448,"stop":1537735005448},{"name":"And  I am in Signup form","status":"skipped","stage":"finished","start":1537735005449,"stop":1537735005451},{"name":"And  I have created new account","status":"skipped","stage":"finished","start":1537735005452,"stop":1537735005452},{"name":"Given  I have an existing account","status":"skipped","stage":"finished","start":1537735005452,"stop":1537735005452},{"name":"When  I login this account","status":"skipped","stage":"finished","start":1537735005453,"stop":1537735005453},{"name":"And  I navigate to Home page","status":"skipped","stage":"finished","start":1537735005453,"stop":1537735005453},{"name":"And  I select FLIGHTS menu in booking section","status":"skipped","stage":"finished","start":1537735005453,"stop":1537735005453},{"name":"And  I select ROUND TRIP flight option","status":"skipped","stage":"finished","start":1537735005454,"stop":1537735005454},{"name":"And  I set FIRST class tickets","status":"skipped","stage":"finished","start":1537735005454,"stop":1537735005454},{"name":"And  I set \"RIX\" as departure airport","status":"skipped","stage":"finished","start":1537735005454,"stop":1537735005454},{"name":"And  I set \"BCN\" as arrival airport","status":"skipped","stage":"finished","start":1537735005455,"stop":1537735005455},{"name":"And  I set \"2018-10-02\" as departure date","status":"skipped","stage":"finished","start":1537735005455,"stop":1537735005455},{"name":"And  I set \"2018-10-19\" as the return date","status":"skipped","stage":"finished","start":1537735005455,"stop":1537735005456},{"name":"And  I set two adults","status":"skipped","stage":"finished","start":1537735005456,"stop":1537735005456},{"name":"And  I set two children","status":"skipped","stage":"finished","start":1537735005456,"stop":1537735005456},{"name":"And  I set one infant","status":"skipped","stage":"finished","start":1537735005457,"stop":1537735005457},{"name":"after","status":"passed","stage":"finished","start":1537735005457,"stop":1537735005457}]}