{"uuid":"891a5544-e048-4824-8d06-d1a3c6637a77","historyId":"4a40af261e1d765eb41b7c97a637b7","labels":[{"name":"feature","value":"Reservation feature"},{"name":"story","value":"Succesfull reservation"},{"name":"tag","value":"TEST"},{"name":"host","value":"Madaras-MacBook-Pro.local"},{"name":"package","value":"Reservation feature"},{"name":"suite","value":"Reservation feature"},{"name":"testClass","value":"Succesfull reservation"},{"name":"thread","value":"63676@Madaras-MacBook-Pro.local.main(1)"}],"links":[],"name":"Succesfull reservation","status":"failed","statusDetails":{"known":false,"muted":false,"flaky":false,"message":"Element not found {#body-section > div.container.booking > div > div.loadinvoice > div > div.form-group > button}\nExpected: visible","trace":"Element not found {#body-section > div.container.booking > div > div.loadinvoice > div > div.form-group > button}\nExpected: visible\nScreenshot: file:/Users/madarafreimane/Desktop/php-travels-MFreimane-final/build/reports/tests/1537908690135.0.png\nPage source: file:/Users/madarafreimane/Desktop/php-travels-MFreimane-final/build/reports/tests/1537908690135.0.html\nTimeout: 4 s.\nCaused by: NoSuchElementException: no such element: Unable to locate element: {\"method\":\"css selector\",\"selector\":\"#body-section > div.container.booking > div > div.loadinvoice > div > div.form-group > button\"}\n\tat com.codeborne.selenide.impl.WebElementSource.createElementNotFoundError(WebElementSource.java:31)\n\tat com.codeborne.selenide.impl.ElementFinder.createElementNotFoundError(ElementFinder.java:82)\n\tat com.codeborne.selenide.impl.WebElementSource.checkCondition(WebElementSource.java:59)\n\tat com.codeborne.selenide.impl.WebElementSource.findAndAssertElementIsVisible(WebElementSource.java:72)\n\tat com.codeborne.selenide.commands.Click.execute(Click.java:16)\n\tat com.codeborne.selenide.commands.Click.execute(Click.java:12)\n\tat com.codeborne.selenide.commands.Commands.execute(Commands.java:144)\n\tat com.codeborne.selenide.impl.SelenideElementProxy.dispatchAndRetry(SelenideElementProxy.java:90)\n\tat com.codeborne.selenide.impl.SelenideElementProxy.invoke(SelenideElementProxy.java:65)\n\tat com.sun.proxy.$Proxy16.click(Unknown Source)\n\tat pages.landingpage.ConfirmTheBookingPageObject.selectConfirmButton(ConfirmTheBookingPageObject.java:14)\n\tat step_definitions.ConfirmTheBookingSteps.iConfirmTheBooking(ConfirmTheBookingSteps.java:14)\n\tat âœ½.I confirm the booking(/Users/madarafreimane/Desktop/php-travels-MFreimane-final/src/test/resources/features/Reservation.feature:31)\nCaused by: org.openqa.selenium.NoSuchElementException: no such element: Unable to locate element: {\"method\":\"css selector\",\"selector\":\"#body-section > div.container.booking > div > div.loadinvoice > div > div.form-group > button\"}\n  (Session info: chrome=69.0.3497.100)\n  (Driver info: chromedriver=70.0.3538.16 (16ed95b41bb05e565b11fb66ac33c660b721f778),platform=Mac OS X 10.13.6 x86_64) (WARNING: The server did not provide any stacktrace information)\nCommand duration or timeout: 0 milliseconds\nFor documentation on this error, please visit: http://seleniumhq.org/exceptions/no_such_element.html\nBuild info: version: '3.12.0', revision: '7c6e0b3', time: '2018-05-08T14:04:26.12Z'\nSystem info: host: 'Madaras-MacBook-Pro.local', ip: 'fe80:0:0:0:ced:8291:ca97:a6f7%en0', os.name: 'Mac OS X', os.arch: 'x86_64', os.version: '10.13.6', java.version: '1.8.0_151'\nDriver info: org.openqa.selenium.chrome.ChromeDriver\nCapabilities {acceptInsecureCerts: false, acceptSslCerts: false, applicationCacheEnabled: false, browserConnectionEnabled: false, browserName: chrome, chrome: {chromedriverVersion: 70.0.3538.16 (16ed95b41bb05..., userDataDir: /var/folders/n5/sx4y267s2td...}, cssSelectorsEnabled: true, databaseEnabled: false, goog:chromeOptions: {debuggerAddress: localhost:55411}, handlesAlerts: true, hasTouchScreen: false, javascriptEnabled: true, locationContextEnabled: true, mobileEmulationEnabled: false, nativeEvents: true, networkConnectionEnabled: false, pageLoadStrategy: normal, platform: MAC, platformName: MAC, rotatable: false, setWindowRect: true, takesHeapSnapshot: true, takesScreenshot: true, unexpectedAlertBehaviour: , unhandledPromptBehavior: , version: 69.0.3497.100, webStorageEnabled: true}\nSession ID: eee8833a44afaebfa78ff9b96724c958\n*** Element info: {Using=css selector, value=#body-section > div.container.booking > div > div.loadinvoice > div > div.form-group > button}\n\tat sun.reflect.GeneratedConstructorAccessor16.newInstance(Unknown Source)\n\tat sun.reflect.DelegatingConstructorAccessorImpl.newInstance(DelegatingConstructorAccessorImpl.java:45)\n\tat java.lang.reflect.Constructor.newInstance(Constructor.java:423)\n\tat org.openqa.selenium.remote.ErrorHandler.createThrowable(ErrorHandler.java:214)\n\tat org.openqa.selenium.remote.ErrorHandler.throwIfResponseFailed(ErrorHandler.java:166)\n\tat org.openqa.selenium.remote.http.JsonHttpResponseCodec.reconstructValue(JsonHttpResponseCodec.java:40)\n\tat org.openqa.selenium.remote.http.AbstractHttpResponseCodec.decode(AbstractHttpResponseCodec.java:80)\n\tat org.openqa.selenium.remote.http.AbstractHttpResponseCodec.decode(AbstractHttpResponseCodec.java:44)\n\tat org.openqa.selenium.remote.HttpCommandExecutor.execute(HttpCommandExecutor.java:158)\n\tat org.openqa.selenium.remote.service.DriverCommandExecutor.execute(DriverCommandExecutor.java:83)\n\tat org.openqa.selenium.remote.RemoteWebDriver.execute(RemoteWebDriver.java:543)\n\tat org.openqa.selenium.remote.RemoteWebDriver.findElement(RemoteWebDriver.java:317)\n\tat org.openqa.selenium.remote.RemoteWebDriver.findElementByCssSelector(RemoteWebDriver.java:411)\n\tat org.openqa.selenium.By$ByCssSelector.findElement(By.java:431)\n\tat org.openqa.selenium.remote.RemoteWebDriver.findElement(RemoteWebDriver.java:309)\n\tat com.codeborne.selenide.impl.WebElementSelector.findElement(WebElementSelector.java:29)\n\tat com.codeborne.selenide.impl.ElementFinder.getWebElement(ElementFinder.java:56)\n\tat com.codeborne.selenide.impl.WebElementSource.checkCondition(WebElementSource.java:44)\n\tat com.codeborne.selenide.impl.WebElementSource.findAndAssertElementIsVisible(WebElementSource.java:72)\n\tat com.codeborne.selenide.commands.Click.execute(Click.java:16)\n\tat com.codeborne.selenide.commands.Click.execute(Click.java:12)\n\tat com.codeborne.selenide.commands.Commands.execute(Commands.java:144)\n\tat com.codeborne.selenide.impl.SelenideElementProxy.dispatchAndRetry(SelenideElementProxy.java:90)\n\tat com.codeborne.selenide.impl.SelenideElementProxy.invoke(SelenideElementProxy.java:65)\n\tat com.sun.proxy.$Proxy16.click(Unknown Source)\n\tat pages.landingpage.ConfirmTheBookingPageObject.selectConfirmButton(ConfirmTheBookingPageObject.java:14)\n\tat step_definitions.ConfirmTheBookingSteps.iConfirmTheBooking(ConfirmTheBookingSteps.java:14)\n\tat sun.reflect.NativeMethodAccessorImpl.invoke0(Native Method)\n\tat sun.reflect.NativeMethodAccessorImpl.invoke(NativeMethodAccessorImpl.java:62)\n\tat sun.reflect.DelegatingMethodAccessorImpl.invoke(DelegatingMethodAccessorImpl.java:43)\n\tat java.lang.reflect.Method.invoke(Method.java:498)\n\tat cucumber.runtime.Utils$1.call(Utils.java:26)\n\tat cucumber.runtime.Timeout.timeout(Timeout.java:16)\n\tat cucumber.runtime.Utils.invoke(Utils.java:20)\n\tat cucumber.runtime.java.JavaStepDefinition.execute(JavaStepDefinition.java:48)\n\tat cucumber.runtime.PickleStepDefinitionMatch.runStep(PickleStepDefinitionMatch.java:50)\n\tat cucumber.runner.TestStep.executeStep(TestStep.java:55)\n\tat cucumber.runner.TestStep.run(TestStep.java:42)\n\tat cucumber.runner.PickleStepTestStep.run(PickleStepTestStep.java:53)\n\tat cucumber.runner.TestCase.run(TestCase.java:47)\n\tat cucumber.runner.Runner.runPickle(Runner.java:44)\n\tat cucumber.runtime.junit.PickleRunners$NoStepDescriptions.run(PickleRunners.java:140)\n\tat cucumber.runtime.junit.FeatureRunner.runChild(FeatureRunner.java:68)\n\tat cucumber.runtime.junit.FeatureRunner.runChild(FeatureRunner.java:23)\n\tat org.junit.runners.ParentRunner$3.run(ParentRunner.java:290)\n\tat org.junit.runners.ParentRunner$1.schedule(ParentRunner.java:71)\n\tat org.junit.runners.ParentRunner.runChildren(ParentRunner.java:288)\n\tat org.junit.runners.ParentRunner.access$000(ParentRunner.java:58)\n\tat org.junit.runners.ParentRunner$2.evaluate(ParentRunner.java:268)\n\tat org.junit.runners.ParentRunner.run(ParentRunner.java:363)\n\tat cucumber.runtime.junit.FeatureRunner.run(FeatureRunner.java:73)\n\tat cucumber.api.junit.Cucumber.runChild(Cucumber.java:98)\n\tat cucumber.api.junit.Cucumber.runChild(Cucumber.java:55)\n\tat org.junit.runners.ParentRunner$3.run(ParentRunner.java:290)\n\tat org.junit.runners.ParentRunner$1.schedule(ParentRunner.java:71)\n\tat org.junit.runners.ParentRunner.runChildren(ParentRunner.java:288)\n\tat org.junit.runners.ParentRunner.access$000(ParentRunner.java:58)\n\tat org.junit.runners.ParentRunner$2.evaluate(ParentRunner.java:268)\n\tat cucumber.api.junit.Cucumber$1.evaluate(Cucumber.java:107)\n\tat org.junit.runners.ParentRunner.run(ParentRunner.java:363)\n\tat org.junit.runner.JUnitCore.run(JUnitCore.java:137)\n\tat com.intellij.junit4.JUnit4IdeaTestRunner.startRunnerWithArgs(JUnit4IdeaTestRunner.java:68)\n\tat com.intellij.rt.execution.junit.IdeaTestRunner$Repeater.startRunnerWithArgs(IdeaTestRunner.java:47)\n\tat com.intellij.rt.execution.junit.JUnitStarter.prepareStreamsAndStart(JUnitStarter.java:242)\n\tat com.intellij.rt.execution.junit.JUnitStarter.main(JUnitStarter.java:70)\n"},"stage":"finished","description":"  Test the functionality of reservation","start":1537908607927,"stop":1537908690789,"steps":[{"name":"before","status":"passed","stage":"finished","start":1537908607930,"stop":1537908607934},{"name":"before","status":"passed","stage":"finished","start":1537908607936,"stop":1537908622385},{"name":"When  I select My Account button","status":"passed","stage":"finished","start":1537908622386,"stop":1537908622601},{"name":"When  I select Login button","status":"passed","stage":"finished","start":1537908622602,"stop":1537908624003},{"name":"When  I login this account","status":"passed","stage":"finished","start":1537908624003,"stop":1537908626420},{"name":"And  I navigate to Home page","status":"passed","stage":"finished","start":1537908626420,"stop":1537908634357},{"name":"And  I select FLIGHTS menu in booking section","status":"passed","stage":"finished","start":1537908634358,"stop":1537908635471},{"name":"And  I select ROUND TRIP flight option","status":"passed","stage":"finished","start":1537908635471,"stop":1537908635572},{"name":"And  I set BUSINESS class tickets","status":"passed","stage":"finished","start":1537908635572,"stop":1537908635641},{"name":"And  I set \"RIX\" as departure airport","status":"passed","stage":"finished","start":1537908635642,"stop":1537908637616},{"name":"And  I set \"AMS\" as arrival airport","status":"passed","stage":"finished","start":1537908637616,"stop":1537908639580},{"name":"And  I set \"2018-11-09\" as departure date","status":"passed","stage":"finished","start":1537908639581,"stop":1537908639833},{"name":"And  I set \"2018-11-23\" as the return date","status":"passed","stage":"finished","start":1537908639833,"stop":1537908640067},{"name":"And  I set \"2\" adults","status":"passed","stage":"finished","start":1537908640068,"stop":1537908640432},{"name":"And  I set \"2\" children","status":"passed","stage":"finished","start":1537908640433,"stop":1537908640502},{"name":"And  I set \"1\" infant","status":"passed","stage":"finished","start":1537908640502,"stop":1537908643679},{"name":"And  I search for a flight","status":"passed","stage":"finished","start":1537908643680,"stop":1537908684294},{"name":"And  I book the first flight offer available","status":"passed","stage":"finished","start":1537908684295,"stop":1537908686085},{"name":"And  I confirm the booking","status":"failed","stage":"finished","start":1537908686085,"stop":1537908690684},{"name":"after","status":"passed","stage":"finished","start":1537908690685,"stop":1537908690785}]}