{"uuid":"e80f8bcf-5ae5-46da-bf45-6ff82f6bf35c","historyId":"4a40af261e1d765eb41b7c97a637b7","labels":[{"name":"feature","value":"Reservation feature"},{"name":"story","value":"Succesfull reservation"},{"name":"tag","value":"TEST"},{"name":"host","value":"Madaras-MacBook-Pro.local"},{"name":"package","value":"Reservation feature"},{"name":"suite","value":"Reservation feature"},{"name":"testClass","value":"Succesfull reservation"},{"name":"thread","value":"94153@Madaras-MacBook-Pro.local.main(1)"}],"links":[],"name":"Succesfull reservation","status":"failed","statusDetails":{"known":false,"muted":false,"flaky":false,"message":"Element not found {By.xpath: //div[@id='select2-drop']}\nExpected: exist","trace":"Element not found {By.xpath: //div[@id='select2-drop']}\nExpected: exist\nScreenshot: file:/Users/madarafreimane/Desktop/php-travels-MFreimane-final/build/reports/tests/1537137117964.0.png\nPage source: file:/Users/madarafreimane/Desktop/php-travels-MFreimane-final/build/reports/tests/1537137117964.0.html\nTimeout: 4 s.\nCaused by: NoSuchElementException: no such element: Unable to locate element: {\"method\":\"xpath\",\"selector\":\"//div[@id='select2-drop']\"}\n\tat com.codeborne.selenide.impl.WebElementSource.createElementNotFoundError(WebElementSource.java:31)\n\tat com.codeborne.selenide.impl.ElementFinder.createElementNotFoundError(ElementFinder.java:82)\n\tat com.codeborne.selenide.impl.SelenideElementProxy.dispatchAndRetry(SelenideElementProxy.java:119)\n\tat com.codeborne.selenide.impl.SelenideElementProxy.invoke(SelenideElementProxy.java:65)\n\tat com.sun.proxy.$Proxy16.sendKeys(Unknown Source)\n\tat pages.landingpage.ReservationPageObject.setRigaAsDepartureAirport(ReservationPageObject.java:37)\n\tat step_definitions.ReservationSteps.iSetRIGAAsDepartureAirport(ReservationSteps.java:36)\n\tat âœ½.I set RIGA as departure airport(/Users/madarafreimane/Desktop/php-travels-MFreimane-final/src/test/resources/features/Reservation.feature:20)\nCaused by: org.openqa.selenium.NoSuchElementException: no such element: Unable to locate element: {\"method\":\"xpath\",\"selector\":\"//div[@id='select2-drop']\"}\n  (Session info: chrome=68.0.3440.106)\n  (Driver info: chromedriver=2.42.591059 (a3d9684d10d61aa0c45f6723b327283be1ebaad8),platform=Mac OS X 10.13.6 x86_64) (WARNING: The server did not provide any stacktrace information)\nCommand duration or timeout: 0 milliseconds\nFor documentation on this error, please visit: http://seleniumhq.org/exceptions/no_such_element.html\nBuild info: version: '3.12.0', revision: '7c6e0b3', time: '2018-05-08T14:04:26.12Z'\nSystem info: host: 'Madaras-MacBook-Pro.local', ip: 'fe80:0:0:0:ced:8291:ca97:a6f7%en0', os.name: 'Mac OS X', os.arch: 'x86_64', os.version: '10.13.6', java.version: '1.8.0_151'\nDriver info: org.openqa.selenium.chrome.ChromeDriver\nCapabilities {acceptInsecureCerts: false, acceptSslCerts: false, applicationCacheEnabled: false, browserConnectionEnabled: false, browserName: chrome, chrome: {chromedriverVersion: 2.42.591059 (a3d9684d10d61a..., userDataDir: /var/folders/n5/sx4y267s2td...}, cssSelectorsEnabled: true, databaseEnabled: false, goog:chromeOptions: {debuggerAddress: localhost:50792}, handlesAlerts: true, hasTouchScreen: false, javascriptEnabled: true, locationContextEnabled: true, mobileEmulationEnabled: false, nativeEvents: true, networkConnectionEnabled: false, pageLoadStrategy: normal, platform: MAC, platformName: MAC, rotatable: false, setWindowRect: true, takesHeapSnapshot: true, takesScreenshot: true, unexpectedAlertBehaviour: , unhandledPromptBehavior: , version: 68.0.3440.106, webStorageEnabled: true}\nSession ID: 316e6e83c834e405bc57898bbb4fc9a5\n*** Element info: {Using=xpath, value=//div[@id='select2-drop']}\n\tat sun.reflect.GeneratedConstructorAccessor16.newInstance(Unknown Source)\n\tat sun.reflect.DelegatingConstructorAccessorImpl.newInstance(DelegatingConstructorAccessorImpl.java:45)\n\tat java.lang.reflect.Constructor.newInstance(Constructor.java:423)\n\tat org.openqa.selenium.remote.ErrorHandler.createThrowable(ErrorHandler.java:214)\n\tat org.openqa.selenium.remote.ErrorHandler.throwIfResponseFailed(ErrorHandler.java:166)\n\tat org.openqa.selenium.remote.http.JsonHttpResponseCodec.reconstructValue(JsonHttpResponseCodec.java:40)\n\tat org.openqa.selenium.remote.http.AbstractHttpResponseCodec.decode(AbstractHttpResponseCodec.java:80)\n\tat org.openqa.selenium.remote.http.AbstractHttpResponseCodec.decode(AbstractHttpResponseCodec.java:44)\n\tat org.openqa.selenium.remote.HttpCommandExecutor.execute(HttpCommandExecutor.java:158)\n\tat org.openqa.selenium.remote.service.DriverCommandExecutor.execute(DriverCommandExecutor.java:83)\n\tat org.openqa.selenium.remote.RemoteWebDriver.execute(RemoteWebDriver.java:543)\n\tat org.openqa.selenium.remote.RemoteWebDriver.findElement(RemoteWebDriver.java:317)\n\tat org.openqa.selenium.remote.RemoteWebDriver.findElementByXPath(RemoteWebDriver.java:419)\n\tat org.openqa.selenium.By$ByXPath.findElement(By.java:353)\n\tat org.openqa.selenium.remote.RemoteWebDriver.findElement(RemoteWebDriver.java:309)\n\tat com.codeborne.selenide.impl.WebElementSelector.findElement(WebElementSelector.java:29)\n\tat com.codeborne.selenide.impl.ElementFinder.getWebElement(ElementFinder.java:56)\n\tat com.codeborne.selenide.impl.SelenideElementProxy.dispatchAndRetry(SelenideElementProxy.java:93)\n\tat com.codeborne.selenide.impl.SelenideElementProxy.invoke(SelenideElementProxy.java:65)\n\tat com.sun.proxy.$Proxy16.sendKeys(Unknown Source)\n\tat pages.landingpage.ReservationPageObject.setRigaAsDepartureAirport(ReservationPageObject.java:37)\n\tat step_definitions.ReservationSteps.iSetRIGAAsDepartureAirport(ReservationSteps.java:36)\n\tat sun.reflect.NativeMethodAccessorImpl.invoke0(Native Method)\n\tat sun.reflect.NativeMethodAccessorImpl.invoke(NativeMethodAccessorImpl.java:62)\n\tat sun.reflect.DelegatingMethodAccessorImpl.invoke(DelegatingMethodAccessorImpl.java:43)\n\tat java.lang.reflect.Method.invoke(Method.java:498)\n\tat cucumber.runtime.Utils$1.call(Utils.java:26)\n\tat cucumber.runtime.Timeout.timeout(Timeout.java:16)\n\tat cucumber.runtime.Utils.invoke(Utils.java:20)\n\tat cucumber.runtime.java.JavaStepDefinition.execute(JavaStepDefinition.java:48)\n\tat cucumber.runtime.PickleStepDefinitionMatch.runStep(PickleStepDefinitionMatch.java:50)\n\tat cucumber.runner.TestStep.executeStep(TestStep.java:55)\n\tat cucumber.runner.TestStep.run(TestStep.java:42)\n\tat cucumber.runner.PickleStepTestStep.run(PickleStepTestStep.java:53)\n\tat cucumber.runner.TestCase.run(TestCase.java:47)\n\tat cucumber.runner.Runner.runPickle(Runner.java:44)\n\tat cucumber.runtime.junit.PickleRunners$NoStepDescriptions.run(PickleRunners.java:140)\n\tat cucumber.runtime.junit.FeatureRunner.runChild(FeatureRunner.java:68)\n\tat cucumber.runtime.junit.FeatureRunner.runChild(FeatureRunner.java:23)\n\tat org.junit.runners.ParentRunner$3.run(ParentRunner.java:290)\n\tat org.junit.runners.ParentRunner$1.schedule(ParentRunner.java:71)\n\tat org.junit.runners.ParentRunner.runChildren(ParentRunner.java:288)\n\tat org.junit.runners.ParentRunner.access$000(ParentRunner.java:58)\n\tat org.junit.runners.ParentRunner$2.evaluate(ParentRunner.java:268)\n\tat org.junit.runners.ParentRunner.run(ParentRunner.java:363)\n\tat cucumber.runtime.junit.FeatureRunner.run(FeatureRunner.java:73)\n\tat cucumber.api.junit.Cucumber.runChild(Cucumber.java:98)\n\tat cucumber.api.junit.Cucumber.runChild(Cucumber.java:55)\n\tat org.junit.runners.ParentRunner$3.run(ParentRunner.java:290)\n\tat org.junit.runners.ParentRunner$1.schedule(ParentRunner.java:71)\n\tat org.junit.runners.ParentRunner.runChildren(ParentRunner.java:288)\n\tat org.junit.runners.ParentRunner.access$000(ParentRunner.java:58)\n\tat org.junit.runners.ParentRunner$2.evaluate(ParentRunner.java:268)\n\tat cucumber.api.junit.Cucumber$1.evaluate(Cucumber.java:107)\n\tat org.junit.runners.ParentRunner.run(ParentRunner.java:363)\n\tat org.junit.runner.JUnitCore.run(JUnitCore.java:137)\n\tat com.intellij.junit4.JUnit4IdeaTestRunner.startRunnerWithArgs(JUnit4IdeaTestRunner.java:68)\n\tat com.intellij.rt.execution.junit.IdeaTestRunner$Repeater.startRunnerWithArgs(IdeaTestRunner.java:47)\n\tat com.intellij.rt.execution.junit.JUnitStarter.prepareStreamsAndStart(JUnitStarter.java:242)\n\tat com.intellij.rt.execution.junit.JUnitStarter.main(JUnitStarter.java:70)\n"},"stage":"finished","description":"  Test the functionality of reservation","start":1537137094744,"stop":1537137119903,"steps":[{"name":"before","status":"passed","stage":"finished","start":1537137094747,"stop":1537137094756},{"name":"before","status":"passed","stage":"finished","start":1537137094757,"stop":1537137102724},{"name":"And  I am in Signup form","status":"passed","stage":"finished","start":1537137102724,"stop":1537137103550},{"name":"And  I have created new account","status":"passed","stage":"finished","start":1537137103551,"stop":1537137104365},{"name":"Given  I have an existing account","status":"passed","stage":"finished","start":1537137104365,"stop":1537137106479},{"name":"When  I login this account","status":"passed","stage":"finished","start":1537137106479,"stop":1537137108917},{"name":"And  I navigate to Home page","status":"passed","stage":"finished","start":1537137108917,"stop":1537137112603},{"name":"And  I select FLIGHTS menu in booking section","status":"passed","stage":"finished","start":1537137112604,"stop":1537137113724},{"name":"And  I select ROUND TRIP flight option","status":"passed","stage":"finished","start":1537137113724,"stop":1537137113806},{"name":"And  I set FIRST class tickets","status":"passed","stage":"finished","start":1537137113806,"stop":1537137113872},{"name":"And  I set RIGA as departure airport","status":"failed","stage":"finished","start":1537137113872,"stop":1537137119802},{"name":"after","status":"passed","stage":"finished","start":1537137119802,"stop":1537137119900}]}